[debug] [2025-01-16T12:21:54.757Z] ----------------------------------------------------------------------
[debug] [2025-01-16T12:21:54.760Z] Command:       C:\Program Files\nodejs\node.exe C:\Users\sahil ali\AppData\Roaming\npm\node_modules\firebase-tools\lib\bin\firebase.js init
[debug] [2025-01-16T12:21:54.761Z] CLI Version:   13.29.1
[debug] [2025-01-16T12:21:54.761Z] Platform:      win32
[debug] [2025-01-16T12:21:54.761Z] Node Version:  v22.11.0
[debug] [2025-01-16T12:21:54.761Z] Time:          Thu Jan 16 2025 17:51:54 GMT+0530 (India Standard Time)
[debug] [2025-01-16T12:21:54.761Z] ----------------------------------------------------------------------
[debug] 
[debug] [2025-01-16T12:21:54.771Z] > command requires scopes: ["email","openid","https://www.googleapis.com/auth/cloudplatformprojects.readonly","https://www.googleapis.com/auth/firebase","https://www.googleapis.com/auth/cloud-platform"]
[debug] [2025-01-16T12:21:54.771Z] > authorizing via signed-in user (ansari.sahilali02@gmail.com)
[info] 
     ######## #### ########  ######## ########     ###     ######  ########
     ##        ##  ##     ## ##       ##     ##  ##   ##  ##       ##
     ######    ##  ########  ######   ########  #########  ######  ######
     ##        ##  ##    ##  ##       ##     ## ##     ##       ## ##
     ##       #### ##     ## ######## ########  ##     ##  ######  ########

You're about to initialize a Firebase project in this directory:

  C:\Users\sahil ali\OneDrive\Desktop\landing page\Day-29-Responsive-Portfolio-Website-main

[info] 
=== Project Setup
[info] 
[info] First, let's associate this project directory with a Firebase project.
[info] You can create multiple project aliases by running firebase use --add, 
[info] but for now we'll just set up a default project.
[info] 
[info] i  If you want to create a project in a Google Cloud organization or folder, please use "firebase projects:create" instead, and return to this command when you've created the project. 
[debug] [2025-01-16T12:22:20.105Z] Checked if tokens are valid: true, expires at: 1737033292471
[debug] [2025-01-16T12:22:20.105Z] Checked if tokens are valid: true, expires at: 1737033292471
[debug] [2025-01-16T12:22:20.107Z] >>> [apiv2][query] POST https://cloudresourcemanager.googleapis.com/v1/projects [none]
[debug] [2025-01-16T12:22:20.107Z] >>> [apiv2][body] POST https://cloudresourcemanager.googleapis.com/v1/projects {"projectId":"Saadishere","name":"Saadishere"}
[debug] [2025-01-16T12:22:20.792Z] <<< [apiv2][status] POST https://cloudresourcemanager.googleapis.com/v1/projects 400
[debug] [2025-01-16T12:22:20.792Z] <<< [apiv2][body] POST https://cloudresourcemanager.googleapis.com/v1/projects {"error":{"code":400,"message":"field [project_id] has issue [project_id contains invalid characters]","status":"INVALID_ARGUMENT","details":[{"@type":"type.googleapis.com/google.rpc.BadRequest","fieldViolations":[{"field":"project_id","description":"project_id contains invalid characters"}]},{"@type":"type.googleapis.com/google.rpc.Help","links":[{"url":"https://cloud.google.com/resource-manager/reference/rest/v1/projects"}]}]}}
[debug] [2025-01-16T12:22:20.795Z] FirebaseError: Request to https://cloudresourcemanager.googleapis.com/v1/projects had HTTP Error: 400, field [project_id] has issue [project_id contains invalid characters]
    at responseToError (C:\Users\sahil ali\AppData\Roaming\npm\node_modules\firebase-tools\lib\responseToError.js:52:12)
    at RetryOperation._fn (C:\Users\sahil ali\AppData\Roaming\npm\node_modules\firebase-tools\lib\apiv2.js:312:77)
    at process.processTicksAndRejections (node:internal/process/task_queues:105:5)
[error] 
[error] Error: Failed to create project. See firebase-debug.log for more info.
